1727880890.366300 client started (17823): version 3.5, socket /tmp/tmux-1000/default, protocol 8
1727880890.366361 on Linux 6.8.0-45-generic #45~22.04.1-Ubuntu SMP PREEMPT_DYNAMIC Wed Sep 11 15:25:05 UTC 2
1727880890.366368 using libevent 2.1.12-stable poll
1727880890.366373 using ncurses 6.4 20240113
1727880890.366399 flags are 0x18010000
1727880890.366406 socket is /tmp/tmux-1000/default
1727880890.366430 trying connect
1727880890.366613 add peer 0x5f0c997ec190: 6 ((nil))
1727880890.367029 sending message 111 to peer 0x5f0c997ec190 (8 bytes)
1727880890.367042 sending message 111 to peer 0x5f0c997ec190 (8 bytes)
1727880890.367047 sending message 101 to peer 0x5f0c997ec190 (15 bytes)
1727880890.367052 sending message 109 to peer 0x5f0c997ec190 (4 bytes)
1727880890.367056 sending message 102 to peer 0x5f0c997ec190 (11 bytes)
1727880890.367060 sending message 108 to peer 0x5f0c997ec190 (46 bytes)
1727880890.367065 sending message 112 to peer 0x5f0c997ec190 (58 bytes)
1727880890.367069 sending message 112 to peer 0x5f0c997ec190 (5 bytes)
1727880890.367073 sending message 112 to peer 0x5f0c997ec190 (5 bytes)
1727880890.367077 sending message 112 to peer 0x5f0c997ec190 (6 bytes)
1727880890.367082 sending message 112 to peer 0x5f0c997ec190 (6 bytes)
1727880890.367086 sending message 112 to peer 0x5f0c997ec190 (11 bytes)
1727880890.367090 sending message 112 to peer 0x5f0c997ec190 (10 bytes)
1727880890.367094 sending message 112 to peer 0x5f0c997ec190 (13 bytes)
1727880890.367099 sending message 112 to peer 0x5f0c997ec190 (14 bytes)
1727880890.367140 sending message 112 to peer 0x5f0c997ec190 (19 bytes)
1727880890.367157 sending message 112 to peer 0x5f0c997ec190 (11 bytes)
1727880890.367197 sending message 112 to peer 0x5f0c997ec190 (10 bytes)
1727880890.367204 sending message 112 to peer 0x5f0c997ec190 (15 bytes)
1727880890.367210 sending message 112 to peer 0x5f0c997ec190 (21 bytes)
1727880890.367216 sending message 112 to peer 0x5f0c997ec190 (13 bytes)
1727880890.367221 sending message 112 to peer 0x5f0c997ec190 (7 bytes)
1727880890.367228 sending message 112 to peer 0x5f0c997ec190 (13 bytes)
1727880890.367233 sending message 112 to peer 0x5f0c997ec190 (7 bytes)
1727880890.367239 sending message 112 to peer 0x5f0c997ec190 (13 bytes)
1727880890.367245 sending message 112 to peer 0x5f0c997ec190 (9 bytes)
1727880890.367252 sending message 112 to peer 0x5f0c997ec190 (21 bytes)
1727880890.367258 sending message 112 to peer 0x5f0c997ec190 (13 bytes)
1727880890.367264 sending message 112 to peer 0x5f0c997ec190 (9 bytes)
1727880890.367269 sending message 112 to peer 0x5f0c997ec190 (16 bytes)
1727880890.367275 sending message 112 to peer 0x5f0c997ec190 (13 bytes)
1727880890.367281 sending message 112 to peer 0x5f0c997ec190 (9 bytes)
1727880890.367287 sending message 112 to peer 0x5f0c997ec190 (9 bytes)
1727880890.367293 sending message 112 to peer 0x5f0c997ec190 (12 bytes)
1727880890.367299 sending message 112 to peer 0x5f0c997ec190 (8 bytes)
1727880890.367305 sending message 112 to peer 0x5f0c997ec190 (8 bytes)
1727880890.367312 sending message 112 to peer 0x5f0c997ec190 (13 bytes)
1727880890.367318 sending message 112 to peer 0x5f0c997ec190 (7 bytes)
1727880890.367324 sending message 112 to peer 0x5f0c997ec190 (7 bytes)
1727880890.367329 sending message 112 to peer 0x5f0c997ec190 (9 bytes)
1727880890.367335 sending message 112 to peer 0x5f0c997ec190 (9 bytes)
1727880890.367342 sending message 112 to peer 0x5f0c997ec190 (15 bytes)
1727880890.367348 sending message 112 to peer 0x5f0c997ec190 (13 bytes)
1727880890.367354 sending message 112 to peer 0x5f0c997ec190 (12 bytes)
1727880890.367361 sending message 112 to peer 0x5f0c997ec190 (8 bytes)
1727880890.367367 sending message 112 to peer 0x5f0c997ec190 (14 bytes)
1727880890.367373 sending message 112 to peer 0x5f0c997ec190 (11 bytes)
1727880890.367379 sending message 112 to peer 0x5f0c997ec190 (9 bytes)
1727880890.367384 sending message 112 to peer 0x5f0c997ec190 (10 bytes)
1727880890.367391 sending message 112 to peer 0x5f0c997ec190 (10 bytes)
1727880890.367397 sending message 112 to peer 0x5f0c997ec190 (10 bytes)
1727880890.367421 sending message 112 to peer 0x5f0c997ec190 (10 bytes)
1727880890.367428 sending message 112 to peer 0x5f0c997ec190 (11 bytes)
1727880890.367434 sending message 112 to peer 0x5f0c997ec190 (12 bytes)
1727880890.367440 sending message 112 to peer 0x5f0c997ec190 (12 bytes)
1727880890.367446 sending message 112 to peer 0x5f0c997ec190 (12 bytes)
1727880890.367452 sending message 112 to peer 0x5f0c997ec190 (12 bytes)
1727880890.367458 sending message 112 to peer 0x5f0c997ec190 (12 bytes)
1727880890.367464 sending message 112 to peer 0x5f0c997ec190 (11 bytes)
1727880890.367508 sending message 112 to peer 0x5f0c997ec190 (11 bytes)
1727880890.367527 sending message 112 to peer 0x5f0c997ec190 (12 bytes)
1727880890.367537 sending message 112 to peer 0x5f0c997ec190 (12 bytes)
1727880890.367547 sending message 112 to peer 0x5f0c997ec190 (12 bytes)
1727880890.367557 sending message 112 to peer 0x5f0c997ec190 (12 bytes)
1727880890.367564 sending message 112 to peer 0x5f0c997ec190 (12 bytes)
1727880890.367570 sending message 112 to peer 0x5f0c997ec190 (9 bytes)
1727880890.367577 sending message 112 to peer 0x5f0c997ec190 (12 bytes)
1727880890.367583 sending message 112 to peer 0x5f0c997ec190 (13 bytes)
1727880890.367589 sending message 112 to peer 0x5f0c997ec190 (13 bytes)
1727880890.367595 sending message 112 to peer 0x5f0c997ec190 (13 bytes)
1727880890.367601 sending message 112 to peer 0x5f0c997ec190 (13 bytes)
1727880890.367606 sending message 112 to peer 0x5f0c997ec190 (13 bytes)
1727880890.367612 sending message 112 to peer 0x5f0c997ec190 (8 bytes)
1727880890.367619 sending message 112 to peer 0x5f0c997ec190 (11 bytes)
1727880890.367626 sending message 112 to peer 0x5f0c997ec190 (11 bytes)
1727880890.367632 sending message 112 to peer 0x5f0c997ec190 (11 bytes)
1727880890.367638 sending message 112 to peer 0x5f0c997ec190 (12 bytes)
1727880890.367644 sending message 112 to peer 0x5f0c997ec190 (12 bytes)
1727880890.367650 sending message 112 to peer 0x5f0c997ec190 (12 bytes)
1727880890.367657 sending message 112 to peer 0x5f0c997ec190 (12 bytes)
1727880890.367663 sending message 112 to peer 0x5f0c997ec190 (13 bytes)
1727880890.367669 sending message 112 to peer 0x5f0c997ec190 (13 bytes)
1727880890.367676 sending message 112 to peer 0x5f0c997ec190 (13 bytes)
1727880890.367682 sending message 112 to peer 0x5f0c997ec190 (8 bytes)
1727880890.367706 sending message 112 to peer 0x5f0c997ec190 (13 bytes)
1727880890.367711 sending message 112 to peer 0x5f0c997ec190 (13 bytes)
1727880890.367718 sending message 112 to peer 0x5f0c997ec190 (13 bytes)
1727880890.367724 sending message 112 to peer 0x5f0c997ec190 (13 bytes)
1727880890.367730 sending message 112 to peer 0x5f0c997ec190 (13 bytes)
1727880890.367736 sending message 112 to peer 0x5f0c997ec190 (12 bytes)
1727880890.367743 sending message 112 to peer 0x5f0c997ec190 (12 bytes)
1727880890.367750 sending message 112 to peer 0x5f0c997ec190 (12 bytes)
1727880890.367756 sending message 112 to peer 0x5f0c997ec190 (12 bytes)
1727880890.367762 sending message 112 to peer 0x5f0c997ec190 (13 bytes)
1727880890.367768 sending message 112 to peer 0x5f0c997ec190 (8 bytes)
1727880890.367774 sending message 112 to peer 0x5f0c997ec190 (13 bytes)
1727880890.367780 sending message 112 to peer 0x5f0c997ec190 (13 bytes)
1727880890.367787 sending message 112 to peer 0x5f0c997ec190 (13 bytes)
1727880890.367794 sending message 112 to peer 0x5f0c997ec190 (13 bytes)
1727880890.367801 sending message 112 to peer 0x5f0c997ec190 (13 bytes)
1727880890.367812 sending message 112 to peer 0x5f0c997ec190 (13 bytes)
1727880890.367822 sending message 112 to peer 0x5f0c997ec190 (13 bytes)
1727880890.367832 sending message 112 to peer 0x5f0c997ec190 (12 bytes)
1727880890.367841 sending message 112 to peer 0x5f0c997ec190 (12 bytes)
1727880890.367850 sending message 112 to peer 0x5f0c997ec190 (12 bytes)
1727880890.367860 sending message 112 to peer 0x5f0c997ec190 (8 bytes)
1727880890.367888 sending message 112 to peer 0x5f0c997ec190 (12 bytes)
1727880890.367897 sending message 112 to peer 0x5f0c997ec190 (13 bytes)
1727880890.367929 sending message 112 to peer 0x5f0c997ec190 (13 bytes)
1727880890.367940 sending message 112 to peer 0x5f0c997ec190 (13 bytes)
1727880890.367949 sending message 112 to peer 0x5f0c997ec190 (13 bytes)
1727880890.367957 sending message 112 to peer 0x5f0c997ec190 (13 bytes)
1727880890.367967 sending message 112 to peer 0x5f0c997ec190 (13 bytes)
1727880890.367976 sending message 112 to peer 0x5f0c997ec190 (13 bytes)
1727880890.367986 sending message 112 to peer 0x5f0c997ec190 (13 bytes)
1727880890.367997 sending message 112 to peer 0x5f0c997ec190 (12 bytes)
1727880890.368008 sending message 112 to peer 0x5f0c997ec190 (10 bytes)
1727880890.368014 sending message 112 to peer 0x5f0c997ec190 (12 bytes)
1727880890.368021 sending message 112 to peer 0x5f0c997ec190 (12 bytes)
1727880890.368027 sending message 112 to peer 0x5f0c997ec190 (12 bytes)
1727880890.368033 sending message 112 to peer 0x5f0c997ec190 (13 bytes)
1727880890.368040 sending message 112 to peer 0x5f0c997ec190 (13 bytes)
1727880890.368047 sending message 112 to peer 0x5f0c997ec190 (13 bytes)
1727880890.368053 sending message 112 to peer 0x5f0c997ec190 (13 bytes)
1727880890.368059 sending message 112 to peer 0x5f0c997ec190 (13 bytes)
1727880890.368066 sending message 112 to peer 0x5f0c997ec190 (13 bytes)
1727880890.368072 sending message 112 to peer 0x5f0c997ec190 (13 bytes)
1727880890.368078 sending message 112 to peer 0x5f0c997ec190 (10 bytes)
1727880890.368084 sending message 112 to peer 0x5f0c997ec190 (13 bytes)
1727880890.368091 sending message 112 to peer 0x5f0c997ec190 (12 bytes)
1727880890.368097 sending message 112 to peer 0x5f0c997ec190 (12 bytes)
1727880890.368104 sending message 112 to peer 0x5f0c997ec190 (12 bytes)
1727880890.368110 sending message 112 to peer 0x5f0c997ec190 (10 bytes)
1727880890.368117 sending message 112 to peer 0x5f0c997ec190 (10 bytes)
1727880890.368123 sending message 112 to peer 0x5f0c997ec190 (10 bytes)
1727880890.368129 sending message 112 to peer 0x5f0c997ec190 (12 bytes)
1727880890.368136 sending message 112 to peer 0x5f0c997ec190 (13 bytes)
1727880890.368142 sending message 112 to peer 0x5f0c997ec190 (13 bytes)
1727880890.368148 sending message 112 to peer 0x5f0c997ec190 (13 bytes)
1727880890.368154 sending message 112 to peer 0x5f0c997ec190 (13 bytes)
1727880890.368160 sending message 112 to peer 0x5f0c997ec190 (13 bytes)
1727880890.368166 sending message 112 to peer 0x5f0c997ec190 (10 bytes)
1727880890.368172 sending message 112 to peer 0x5f0c997ec190 (11 bytes)
1727880890.368178 sending message 112 to peer 0x5f0c997ec190 (12 bytes)
1727880890.368184 sending message 112 to peer 0x5f0c997ec190 (12 bytes)
1727880890.368190 sending message 112 to peer 0x5f0c997ec190 (12 bytes)
1727880890.368196 sending message 112 to peer 0x5f0c997ec190 (12 bytes)
1727880890.368203 sending message 112 to peer 0x5f0c997ec190 (12 bytes)
1727880890.368209 sending message 112 to peer 0x5f0c997ec190 (11 bytes)
1727880890.368215 sending message 112 to peer 0x5f0c997ec190 (12 bytes)
1727880890.368222 sending message 112 to peer 0x5f0c997ec190 (12 bytes)
1727880890.368228 sending message 112 to peer 0x5f0c997ec190 (13 bytes)
1727880890.368234 sending message 112 to peer 0x5f0c997ec190 (13 bytes)
1727880890.368241 sending message 112 to peer 0x5f0c997ec190 (13 bytes)
1727880890.368247 sending message 112 to peer 0x5f0c997ec190 (13 bytes)
1727880890.368254 sending message 112 to peer 0x5f0c997ec190 (13 bytes)
1727880890.368260 sending message 112 to peer 0x5f0c997ec190 (10 bytes)
1727880890.368266 sending message 112 to peer 0x5f0c997ec190 (9 bytes)
1727880890.368272 sending message 112 to peer 0x5f0c997ec190 (12 bytes)
1727880890.368278 sending message 112 to peer 0x5f0c997ec190 (13 bytes)
1727880890.368283 sending message 112 to peer 0x5f0c997ec190 (13 bytes)
1727880890.368290 sending message 112 to peer 0x5f0c997ec190 (13 bytes)
1727880890.368296 sending message 112 to peer 0x5f0c997ec190 (13 bytes)
1727880890.368302 sending message 112 to peer 0x5f0c997ec190 (13 bytes)
1727880890.368308 sending message 112 to peer 0x5f0c997ec190 (9 bytes)
1727880890.368323 sending message 112 to peer 0x5f0c997ec190 (12 bytes)
1727880890.368329 sending message 112 to peer 0x5f0c997ec190 (13 bytes)
1727880890.368335 sending message 112 to peer 0x5f0c997ec190 (13 bytes)
1727880890.368341 sending message 112 to peer 0x5f0c997ec190 (13 bytes)
1727880890.368347 sending message 112 to peer 0x5f0c997ec190 (13 bytes)
1727880890.368354 sending message 112 to peer 0x5f0c997ec190 (13 bytes)
1727880890.368360 sending message 112 to peer 0x5f0c997ec190 (11 bytes)
1727880890.368366 sending message 112 to peer 0x5f0c997ec190 (12 bytes)
1727880890.368371 sending message 112 to peer 0x5f0c997ec190 (13 bytes)
1727880890.368377 sending message 112 to peer 0x5f0c997ec190 (13 bytes)
1727880890.368383 sending message 112 to peer 0x5f0c997ec190 (13 bytes)
1727880890.368389 sending message 112 to peer 0x5f0c997ec190 (13 bytes)
1727880890.368395 sending message 112 to peer 0x5f0c997ec190 (13 bytes)
1727880890.368401 sending message 112 to peer 0x5f0c997ec190 (11 bytes)
1727880890.368407 sending message 112 to peer 0x5f0c997ec190 (12 bytes)
1727880890.368414 sending message 112 to peer 0x5f0c997ec190 (12 bytes)
1727880890.368420 sending message 112 to peer 0x5f0c997ec190 (12 bytes)
1727880890.368426 sending message 112 to peer 0x5f0c997ec190 (12 bytes)
1727880890.368432 sending message 112 to peer 0x5f0c997ec190 (12 bytes)
1727880890.368438 sending message 112 to peer 0x5f0c997ec190 (21 bytes)
1727880890.368444 sending message 112 to peer 0x5f0c997ec190 (12 bytes)
1727880890.368451 sending message 112 to peer 0x5f0c997ec190 (9 bytes)
1727880890.368457 sending message 112 to peer 0x5f0c997ec190 (6 bytes)
1727880890.368463 sending message 112 to peer 0x5f0c997ec190 (13 bytes)
1727880890.368486 sending message 112 to peer 0x5f0c997ec190 (10 bytes)
1727880890.368500 sending message 112 to peer 0x5f0c997ec190 (24 bytes)
1727880890.368506 sending message 112 to peer 0x5f0c997ec190 (13 bytes)
1727880890.368513 sending message 112 to peer 0x5f0c997ec190 (9 bytes)
1727880890.368520 sending message 112 to peer 0x5f0c997ec190 (70 bytes)
1727880890.368526 sending message 112 to peer 0x5f0c997ec190 (69 bytes)
1727880890.368533 sending message 112 to peer 0x5f0c997ec190 (12 bytes)
1727880890.368539 sending message 112 to peer 0x5f0c997ec190 (10 bytes)
1727880890.368545 sending message 112 to peer 0x5f0c997ec190 (10 bytes)
1727880890.368551 sending message 112 to peer 0x5f0c997ec190 (24 bytes)
1727880890.368557 sending message 112 to peer 0x5f0c997ec190 (13 bytes)
1727880890.368563 sending message 112 to peer 0x5f0c997ec190 (10 bytes)
1727880890.368569 sending message 112 to peer 0x5f0c997ec190 (10 bytes)
1727880890.368575 sending message 112 to peer 0x5f0c997ec190 (10 bytes)
1727880890.368581 sending message 112 to peer 0x5f0c997ec190 (13 bytes)
1727880890.368587 sending message 112 to peer 0x5f0c997ec190 (15 bytes)
1727880890.368593 sending message 112 to peer 0x5f0c997ec190 (5 bytes)
1727880890.368601 sending message 104 to peer 0x5f0c997ec190 (0 bytes)
1727880890.368608 sending message 110 to peer 0x5f0c997ec190 (0 bytes)
1727880890.368616 sending message 107 to peer 0x5f0c997ec190 (4 bytes)
1727880890.368622 sending message 105 to peer 0x5f0c997ec190 (20 bytes)
1727880890.368630 sending message 105 to peer 0x5f0c997ec190 (92 bytes)
1727880890.368637 sending message 105 to peer 0x5f0c997ec190 (88 bytes)
1727880890.368643 sending message 105 to peer 0x5f0c997ec190 (30 bytes)
1727880890.368650 sending message 105 to peer 0x5f0c997ec190 (28 bytes)
1727880890.368656 sending message 105 to peer 0x5f0c997ec190 (11 bytes)
1727880890.368662 sending message 105 to peer 0x5f0c997ec190 (23 bytes)
1727880890.368669 sending message 105 to peer 0x5f0c997ec190 (44 bytes)
1727880890.368675 sending message 105 to peer 0x5f0c997ec190 (32 bytes)
1727880890.368681 sending message 105 to peer 0x5f0c997ec190 (86 bytes)
1727880890.368688 sending message 105 to peer 0x5f0c997ec190 (30 bytes)
1727880890.368694 sending message 105 to peer 0x5f0c997ec190 (52 bytes)
1727880890.368701 sending message 105 to peer 0x5f0c997ec190 (19 bytes)
1727880890.368715 sending message 105 to peer 0x5f0c997ec190 (28 bytes)
1727880890.368721 sending message 105 to peer 0x5f0c997ec190 (17 bytes)
1727880890.368727 sending message 105 to peer 0x5f0c997ec190 (18 bytes)
1727880890.368733 sending message 105 to peer 0x5f0c997ec190 (17 bytes)
1727880890.368739 sending message 105 to peer 0x5f0c997ec190 (34 bytes)
1727880890.368746 sending message 105 to peer 0x5f0c997ec190 (32 bytes)
1727880890.368752 sending message 105 to peer 0x5f0c997ec190 (14 bytes)
1727880890.368759 sending message 105 to peer 0x5f0c997ec190 (1519 bytes)
1727880890.368792 sending message 105 to peer 0x5f0c997ec190 (137 bytes)
1727880890.368799 sending message 105 to peer 0x5f0c997ec190 (50 bytes)
1727880890.368806 sending message 105 to peer 0x5f0c997ec190 (19 bytes)
1727880890.368812 sending message 105 to peer 0x5f0c997ec190 (18 bytes)
1727880890.368818 sending message 105 to peer 0x5f0c997ec190 (80 bytes)
1727880890.368824 sending message 105 to peer 0x5f0c997ec190 (16 bytes)
1727880890.368830 sending message 105 to peer 0x5f0c997ec190 (8 bytes)
1727880890.368837 sending message 105 to peer 0x5f0c997ec190 (19 bytes)
1727880890.368843 sending message 105 to peer 0x5f0c997ec190 (16 bytes)
1727880890.368849 sending message 105 to peer 0x5f0c997ec190 (34 bytes)
1727880890.368855 sending message 105 to peer 0x5f0c997ec190 (66 bytes)
1727880890.368862 sending message 105 to peer 0x5f0c997ec190 (65 bytes)
1727880890.368868 sending message 105 to peer 0x5f0c997ec190 (28 bytes)
1727880890.368874 sending message 105 to peer 0x5f0c997ec190 (15 bytes)
1727880890.368880 sending message 105 to peer 0x5f0c997ec190 (19 bytes)
1727880890.368886 sending message 105 to peer 0x5f0c997ec190 (24 bytes)
1727880890.368893 sending message 105 to peer 0x5f0c997ec190 (84 bytes)
1727880890.368899 sending message 105 to peer 0x5f0c997ec190 (15 bytes)
1727880890.368905 sending message 105 to peer 0x5f0c997ec190 (27 bytes)
1727880890.368911 sending message 105 to peer 0x5f0c997ec190 (13 bytes)
1727880890.368917 sending message 105 to peer 0x5f0c997ec190 (17 bytes)
1727880890.368924 sending message 105 to peer 0x5f0c997ec190 (14 bytes)
1727880890.368930 sending message 105 to peer 0x5f0c997ec190 (46 bytes)
1727880890.368936 sending message 105 to peer 0x5f0c997ec190 (40 bytes)
1727880890.368943 sending message 105 to peer 0x5f0c997ec190 (17 bytes)
1727880890.368949 sending message 105 to peer 0x5f0c997ec190 (33 bytes)
1727880890.368955 sending message 105 to peer 0x5f0c997ec190 (41 bytes)
1727880890.368961 sending message 105 to peer 0x5f0c997ec190 (22 bytes)
1727880890.368967 sending message 105 to peer 0x5f0c997ec190 (20 bytes)
1727880890.368973 sending message 105 to peer 0x5f0c997ec190 (11 bytes)
1727880890.368979 sending message 105 to peer 0x5f0c997ec190 (15 bytes)
1727880890.368986 sending message 105 to peer 0x5f0c997ec190 (17 bytes)
1727880890.368992 sending message 105 to peer 0x5f0c997ec190 (13 bytes)
1727880890.368999 sending message 105 to peer 0x5f0c997ec190 (41 bytes)
1727880890.369005 sending message 105 to peer 0x5f0c997ec190 (50 bytes)
1727880890.369011 sending message 105 to peer 0x5f0c997ec190 (33 bytes)
1727880890.369017 sending message 105 to peer 0x5f0c997ec190 (185 bytes)
1727880890.369024 sending message 105 to peer 0x5f0c997ec190 (23 bytes)
1727880890.369030 sending message 105 to peer 0x5f0c997ec190 (31 bytes)
1727880890.369037 sending message 105 to peer 0x5f0c997ec190 (23 bytes)
1727880890.369044 sending message 105 to peer 0x5f0c997ec190 (32 bytes)
1727880890.369050 sending message 105 to peer 0x5f0c997ec190 (21 bytes)
1727880890.369056 sending message 105 to peer 0x5f0c997ec190 (20 bytes)
1727880890.369062 sending message 105 to peer 0x5f0c997ec190 (17 bytes)
1727880890.369069 sending message 106 to peer 0x5f0c997ec190 (0 bytes)
1727880890.369176 sending message 200 to peer 0x5f0c997ec190 (4 bytes)
1727880890.369193 client loop enter
1727880890.372763 peer 0x5f0c997ec190 message 207
1727880890.372806 sending message 208 to peer 0x5f0c997ec190 (0 bytes)
1727880951.127567 client loop exit
